<?xml version="1.0" encoding="UTF-8"?>
<!-- Generated by org.testng.reporters.JUnitReportReporter -->
<testsuite skipped="0" hostname="JOE-PC" name="testDriver.FlightFinderTest" tests="1" failures="0" timestamp="17 Feb 2020 02:13:20 GMT" time="1.351" errors="0">
  <testcase name="flightFinder" time="1.351" classname="testDriver.FlightFinderTest"/>
</testsuite> <!-- testDriver.FlightFinderTest -->
